Arguments: 
  /Users/arminbakhshi/.nvm/versions/node/v16.17.0/bin/node /Users/arminbakhshi/.nvm/versions/node/v16.17.0/bin/yarnpkg install

PATH: 
  /Users/arminbakhshi/Projects/node_modules/.bin:/Users/arminbakhshi/node_modules/.bin:/Users/node_modules/.bin:/node_modules/.bin:/Users/arminbakhshi/.nvm/versions/node/v16.17.0/lib/node_modules/npm/node_modules/@npmcli/run-script/lib/node-gyp-bin:/Users/arminbakhshi/.nvm/versions/node/v16.17.0/bin:/Users/arminbakhshi/.nvm/versions/node/v16.17.0/bin:/opt/homebrew/bin:/opt/homebrew/sbin:/usr/local/bin:/usr/bin:/bin:/usr/sbin:/sbin:/Library/Apple/usr/bin:/Users/arminbakhshi/Library/Android/sdk/emulator:/Users/arminbakhshi/Library/Android/sdk/platform-tools

Yarn version: 
  1.22.19

Node version: 
  16.17.0

Platform: 
  darwin arm64

Trace: 
  Error: https://registry.yarnpkg.com/typescript/-/typescript-4.3.5.tgz: ETIMEDOUT
      at Timeout._onTimeout (/Users/arminbakhshi/.nvm/versions/node/v16.17.0/lib/node_modules/yarn/lib/cli.js:141550:19)
      at listOnTimeout (node:internal/timers:559:17)
      at processTimers (node:internal/timers:502:7)

npm manifest: 
  {
    "name": "insiderprotocol",
    "version": "1.0.0",
    "main": "node_modules/expo/AppEntry.js",
    "scripts": {
      "start": "expo start",
      "android": "expo start --android",
      "ios": "expo start --ios",
      "web": "expo start --web",
      "test": "jest --watchAll"
    },
    "jest": {
      "preset": "jest-expo"
    },
    "dependencies": {
      "@expo/vector-icons": "^13.0.0",
      "@react-navigation/bottom-tabs": "^6.0.5",
      "@react-navigation/native": "^6.0.2",
      "@react-navigation/native-stack": "^6.1.0",
      "expo": "~46.0.13",
      "expo-asset": "~8.6.1",
      "expo-constants": "~13.2.4",
      "expo-font": "~10.2.1",
      "expo-linking": "~3.2.2",
      "expo-splash-screen": "~0.16.2",
      "expo-status-bar": "~1.4.0",
      "expo-system-ui": "~1.3.0",
      "expo-web-browser": "~11.0.0",
      "react": "18.0.0",
      "react-dom": "18.0.0",
      "react-native": "0.69.6",
      "react-native-safe-area-context": "4.3.1",
      "react-native-screens": "~3.15.0",
      "react-native-web": "~0.18.7"
    },
    "devDependencies": {
      "@babel/core": "^7.12.9",
      "@types/react": "~18.0.14",
      "@types/react-native": "~0.69.1",
      "jest": "^26.6.3",
      "jest-expo": "~44.0.1",
      "react-test-renderer": "18.0.0",
      "typescript": "~4.3.5"
    },
    "private": true
  }

yarn manifest: 
  No manifest

Lockfile: 
  No lockfile
